<?xml version="1.0" encoding="UTF-8"?>
<!-- Generated by org.testng.reporters.JUnitReportReporter -->
<testsuite hostname="DESKTOP-651GR1T" failures="0" tests="3" name="com.crm.qa.testcases.HomePageTest" time="89.074" errors="0" timestamp="2024-03-15T16:23:14 IST" skipped="0">
  <testcase classname="com.crm.qa.testcases.HomePageTest" name="verifyHomePageTitleTest" time="27.605"/>
  <testcase classname="com.crm.qa.testcases.HomePageTest" name="verifyUserNameTest" time="29.153"/>
  <testcase classname="com.crm.qa.testcases.HomePageTest" name="verifyContactsLinkTest" time="32.316"/>
</testsuite> <!-- com.crm.qa.testcases.HomePageTest -->
