<?xml version="1.0" encoding="UTF-8"?>
<!-- Generated by org.testng.reporters.JUnitReportReporter -->
<testsuite hostname="DESKTOP-651GR1T" failures="0" tests="2" name="com.crm.qa.testcases.LoginPageTest" time="25.947" errors="0" timestamp="2024-04-13T19:23:08 IST" skipped="0">
  <testcase classname="com.crm.qa.testcases.LoginPageTest" name="loginPageTitleTest" time="11.598"/>
  <testcase classname="com.crm.qa.testcases.LoginPageTest" name="crmLogoImageTest" time="14.349"/>
</testsuite> <!-- com.crm.qa.testcases.LoginPageTest -->
