<?xml version="1.0" encoding="UTF-8"?>
<!-- Generated by org.testng.reporters.JUnitReportReporter -->
<testsuite hostname="DESKTOP-651GR1T" failures="0" tests="2" name="com.crm.qa.testcases.LoginPageTest" time="21.969" errors="0" timestamp="2024-03-18T19:35:00 IST" skipped="0">
  <testcase classname="com.crm.qa.testcases.LoginPageTest" name="loginPageTitleTest" time="11.082"/>
  <testcase classname="com.crm.qa.testcases.LoginPageTest" name="crmLogoImageTest" time="10.887"/>
</testsuite> <!-- com.crm.qa.testcases.LoginPageTest -->
